<?xml version="1.0" encoding="UTF-8"?>
<testsuite xmlns:xsi="http://www.w3.org/2001/XMLSchema-instance" xsi:noNamespaceSchemaLocation="https://maven.apache.org/surefire/maven-surefire-plugin/xsd/surefire-test-report.xsd" version="3.0.2" name="RecipeControllerTest" time="3.736" tests="6" errors="0" skipped="0" failures="0">
  <properties>
[...]
</properties>
  <testcase name="testHandleUpdateRecipe_NoResult" classname="RecipeControllerTest" time="3.642"/>
  <testcase name="testHandleLoadRecipes" classname="RecipeControllerTest" time="0.016"/>
  <testcase name="testHandleDeleteAllRecipes" classname="RecipeControllerTest" time="0.012"/>
  <testcase name="testHandleAddRecipe" classname="RecipeControllerTest" time="0.014"/>
  <testcase name="testHandleUpdateRecipe" classname="RecipeControllerTest" time="0.013"/>
  <testcase name="testHandleDeleteRecipe" classname="RecipeControllerTest" time="0.012"/>
</testsuite>