<?xml version="1.0" encoding="UTF-8"?>
<testsuite xmlns:xsi="http://www.w3.org/2001/XMLSchema-instance" xsi:noNamespaceSchemaLocation="https://maven.apache.org/surefire/maven-surefire-plugin/xsd/surefire-test-report-3.0.xsd" version="3.0" name="DatabaseTest" time="1.092" tests="4" errors="0" skipped="0" failures="0">
  <properties>
[...]
</properties>
  <testcase name="showTable" classname="DatabaseTest" time="0.936">
    <system-out><![CDATA[+----+----+-------+--------+------------+---------+-----------+----------+
|  ID|name|cuisine|category|instructions|nutrition|cookingTime|ingredient|
+----+----+-------+--------+------------+---------+-----------+----------+
|   1|Name|Cuisine|Category|Instruction |       10|12min      |Ingredient|
+----+----+-------+--------+------------+---------+-----------+----------+

]]></system-out>
    <system-err><![CDATA[Jan. 23, 2025 9:42:26 PM org.jooq.tools.JooqLogger lambda$info$5
INFORMATION: 
                                      
@@@@@@@@@@@@@@@@@@@@@@@@@@@@@@@@@@@@@@
@@@@@@@@@@@@@@@@@@@@@@@@@@@@@@@@@@@@@@
@@@@@@@@@@@@@@@@  @@        @@@@@@@@@@
@@@@@@@@@@@@@@@@@@@@        @@@@@@@@@@
@@@@@@@@@@@@@@@@  @@  @@    @@@@@@@@@@
@@@@@@@@@@  @@@@  @@  @@    @@@@@@@@@@
@@@@@@@@@@        @@        @@@@@@@@@@
@@@@@@@@@@@@@@@@@@@@@@@@@@@@@@@@@@@@@@
@@@@@@@@@@@@@@@@@@@@@@@@@@@@@@@@@@@@@@
@@@@@@@@@@        @@        @@@@@@@@@@
@@@@@@@@@@    @@  @@  @@@@  @@@@@@@@@@
@@@@@@@@@@    @@  @@  @@@@  @@@@@@@@@@
@@@@@@@@@@        @@  @  @  @@@@@@@@@@
@@@@@@@@@@        @@        @@@@@@@@@@
@@@@@@@@@@@@@@@@@@@@@@@  @@@@@@@@@@@@@
@@@@@@@@@@@@@@@@@@@@@@@@@@@@@@@@@@@@@@
@@@@@@@@@@@@@@@@@@@@@@@@@@@@@@@@@@@@@@  Thank you for using jOOQ 3.19.17 (Build date: 2025-01-08T11:52:27Z)
                                      
Jan. 23, 2025 9:42:26 PM org.jooq.tools.JooqLogger lambda$info$5
INFORMATION: 

jOOQ tip of the day: jOOQ offers out of the box functionality for common scenarios related to audit columns: https://www.jooq.org/doc/latest/manual/code-generation/codegen-advanced/codegen-config-database/codegen-database-forced-types/codegen-database-forced-types-audit/

Jan. 23, 2025 9:42:27 PM org.jooq.tools.JooqLogger lambda$info$5
INFORMATION: Version                  : Database version is supported by dialect H2: 2.3.232 (2024-08-11)
]]></system-err>
  </testcase>
  <testcase name="testDeleteAllRecipes" classname="DatabaseTest" time="0.073"/>
  <testcase name="testUpdateRecipe" classname="DatabaseTest" time="0.041"/>
  <testcase name="testInsert" classname="DatabaseTest" time="0.009"/>
</testsuite>