<?xml version="1.0" encoding="UTF-8"?>
<testsuite xmlns:xsi="http://www.w3.org/2001/XMLSchema-instance" xsi:noNamespaceSchemaLocation="https://maven.apache.org/surefire/maven-surefire-plugin/xsd/surefire-test-report.xsd" version="3.0.2" name="RecipeDatabaseTest" time="1.239" tests="11" errors="0" skipped="0" failures="0">
  <properties>
[...]
</properties>
  <testcase name="testFilterRecipes" classname="RecipeDatabaseTest" time="1.104">
    <system-out><![CDATA[2025-03-23 17:27:27 [main] INFO  org.jooq.Constants - 
                                      
@@@@@@@@@@@@@@@@@@@@@@@@@@@@@@@@@@@@@@
@@@@@@@@@@@@@@@@@@@@@@@@@@@@@@@@@@@@@@
@@@@@@@@@@@@@@@@  @@        @@@@@@@@@@
@@@@@@@@@@@@@@@@@@@@        @@@@@@@@@@
@@@@@@@@@@@@@@@@  @@  @@    @@@@@@@@@@
@@@@@@@@@@  @@@@  @@  @@    @@@@@@@@@@
@@@@@@@@@@        @@        @@@@@@@@@@
@@@@@@@@@@@@@@@@@@@@@@@@@@@@@@@@@@@@@@
@@@@@@@@@@@@@@@@@@@@@@@@@@@@@@@@@@@@@@
@@@@@@@@@@        @@        @@@@@@@@@@
@@@@@@@@@@    @@  @@  @@@@  @@@@@@@@@@
@@@@@@@@@@    @@  @@  @@@@  @@@@@@@@@@
@@@@@@@@@@        @@  @  @  @@@@@@@@@@
@@@@@@@@@@        @@        @@@@@@@@@@
@@@@@@@@@@@@@@@@@@@@@@@  @@@@@@@@@@@@@
@@@@@@@@@@@@@@@@@@@@@@@@@@@@@@@@@@@@@@
@@@@@@@@@@@@@@@@@@@@@@@@@@@@@@@@@@@@@@  Thank you for using jOOQ 3.19.17 (Build date: 2025-01-08T11:52:27Z)
                                      
2025-03-23 17:27:27 [main] INFO  org.jooq.Constants - 

jOOQ tip of the day: You can generate jOOQ code in a single package with package private visibility if this helps. Here's how: https://blog.jooq.org/how-to-generate-package-private-code-with-jooqs-code-generator/

2025-03-23 17:27:27 [main] INFO  o.j.i.D.logVersionSupport - Version                  : Database version is supported by dialect H2: 2.3.232 (2024-08-11)
]]></system-out>
  </testcase>
  <testcase name="showTable" classname="RecipeDatabaseTest" time="0.01">
    <system-out><![CDATA[+----+----+-------+--------+------------+---------+-----------+----------+
|  ID|name|cuisine|category|instructions|nutrition|cookingTime|ingredient|
+----+----+-------+--------+------------+---------+-----------+----------+
|   1|Name|Cuisine|Category|Instruction |       10|12min      |Ingredient|
+----+----+-------+--------+------------+---------+-----------+----------+

]]></system-out>
  </testcase>
  <testcase name="testUpdateRecipeNonExistingID" classname="RecipeDatabaseTest" time="0.006"/>
  <testcase name="testDeleteRecipeNonExistent" classname="RecipeDatabaseTest" time="0.003"/>
  <testcase name="testInsertNegativeID" classname="RecipeDatabaseTest" time="0.003"/>
  <testcase name="testDeleteAllRecipes" classname="RecipeDatabaseTest" time="0.036"/>
  <testcase name="testUpdateRecipe" classname="RecipeDatabaseTest" time="0.026"/>
  <testcase name="testDeleteRecipe" classname="RecipeDatabaseTest" time="0.009"/>
  <testcase name="testInsertExistingIDAndName" classname="RecipeDatabaseTest" time="0.005"/>
  <testcase name="testInsert" classname="RecipeDatabaseTest" time="0.007"/>
  <testcase name="testInsertNoName" classname="RecipeDatabaseTest" time="0.004"/>
</testsuite>