<?xml version="1.0" encoding="UTF-8"?>
<testsuite xmlns:xsi="http://www.w3.org/2001/XMLSchema-instance" xsi:noNamespaceSchemaLocation="https://maven.apache.org/surefire/maven-surefire-plugin/xsd/surefire-test-report.xsd" version="3.0.2" name="RecipeControllerButtonTest" time="1.223" tests="11" errors="1" skipped="0" failures="4">
  <properties>
[...]
</properties>
  <testcase name="testAddRecipeSuccess" classname="RecipeControllerButtonTest" time="0.234"/>
  <testcase name="testFilterRecipeFail" classname="RecipeControllerButtonTest" time="0.003"/>
  <testcase name="testAddRecipeFailMissingName" classname="RecipeControllerButtonTest" time="0.006"/>
  <testcase name="testAddRecipeFailMissingID" classname="RecipeControllerButtonTest" time="0.017">
    <failure message="&#10;recipeView.showErrorDialog(&#10;    &quot;Error: Invalid ID or Name&quot;&#10;);&#10;Wanted 1 time:&#10;-&gt; at Recipe.RecipeView.showErrorDialog(RecipeView.java:207)&#10;But was 2 times:&#10;-&gt; at RecipeControllerButtonTest.testAddRecipeFailMissingName(RecipeControllerTest.java:98)&#10;-&gt; at RecipeControllerButtonTest.testAddRecipeFailMissingID(RecipeControllerTest.java:115)&#10;&#10;" type="org.mockito.exceptions.verification.TooManyActualInvocations"><![CDATA[org.mockito.exceptions.verification.TooManyActualInvocations: 

recipeView.showErrorDialog(
    "Error: Invalid ID or Name"
);
Wanted 1 time:
-> at Recipe.RecipeView.showErrorDialog(RecipeView.java:207)
But was 2 times:
-> at RecipeControllerButtonTest.testAddRecipeFailMissingName(RecipeControllerTest.java:98)
-> at RecipeControllerButtonTest.testAddRecipeFailMissingID(RecipeControllerTest.java:115)


	at Recipe.RecipeView.showErrorDialog(RecipeView.java:207)
	at RecipeControllerButtonTest.testAddRecipeFailMissingID(RecipeControllerTest.java:120)
	at java.base/java.lang.reflect.Method.invoke(Method.java:580)
	at java.base/java.util.ArrayList.forEach(ArrayList.java:1597)
	at java.base/java.util.ArrayList.forEach(ArrayList.java:1597)
]]></failure>
  </testcase>
  <testcase name="testDeleteRecipeFail" classname="RecipeControllerButtonTest" time="0.002"/>
  <testcase name="testDeleteRecipeSuccess" classname="RecipeControllerButtonTest" time="0.002"/>
  <testcase name="testAddRecipeNegativeID" classname="RecipeControllerButtonTest" time="0.002"/>
  <testcase name="testUpdateRecipeFail" classname="RecipeControllerButtonTest" time="0.002">
    <failure message="&#10;recipeModel.updateRecipe(&#10;    {&quot;name&quot; = &quot;&quot;, &quot;category&quot; = &quot;Main Course&quot;, &quot;ingredient&quot; = &quot;&quot;, &quot;cuisine&quot; = &quot;&quot;, &quot;instructions&quot; = &quot;&quot;, &quot;cookingTime&quot; = &quot;&quot;, &quot;nutrition&quot; = &quot;&quot;, &quot;id&quot; = &quot;&quot;}&#10;);&#10;Wanted 1 time:&#10;-&gt; at Recipe.RecipeModel.updateRecipe(RecipeModel.java:99)&#10;But was 2 times:&#10;-&gt; at RecipeControllerButtonTest.testFilterRecipeFail(RecipeControllerTest.java:218)&#10;-&gt; at RecipeControllerButtonTest.testUpdateRecipeFail(RecipeControllerTest.java:190)&#10;&#10;" type="org.mockito.exceptions.verification.TooManyActualInvocations"><![CDATA[org.mockito.exceptions.verification.TooManyActualInvocations: 

recipeModel.updateRecipe(
    {"name" = "", "category" = "Main Course", "ingredient" = "", "cuisine" = "", "instructions" = "", "cookingTime" = "", "nutrition" = "", "id" = ""}
);
Wanted 1 time:
-> at Recipe.RecipeModel.updateRecipe(RecipeModel.java:99)
But was 2 times:
-> at RecipeControllerButtonTest.testFilterRecipeFail(RecipeControllerTest.java:218)
-> at RecipeControllerButtonTest.testUpdateRecipeFail(RecipeControllerTest.java:190)


	at Recipe.RecipeModel.updateRecipe(RecipeModel.java:99)
	at RecipeControllerButtonTest.testUpdateRecipeFail(RecipeControllerTest.java:194)
	at java.base/java.lang.reflect.Method.invoke(Method.java:580)
	at java.base/java.util.ArrayList.forEach(ArrayList.java:1597)
	at java.base/java.util.ArrayList.forEach(ArrayList.java:1597)
]]></failure>
  </testcase>
  <testcase name="testUpdateRecipeSuccess" classname="RecipeControllerButtonTest" time="0.01">
    <failure message="&#10;Argument(s) are different! Wanted:&#10;recipeView.showSuccessDialog(&#10;    &quot;Error deleting recipe.&quot;&#10;);&#10;-&gt; at Recipe.RecipeView.showSuccessDialog(RecipeView.java:211)&#10;Actual invocations have different arguments:&#10;recipeView.setFormData(&#10;    {&quot;name&quot; = &quot;Margherita Pizza&quot;, &quot;category&quot; = &quot;Main Course&quot;, &quot;ingredient&quot; = &quot;Dough, Tomato Sauce, Mozzarella Cheese, Basil&quot;, &quot;cuisine&quot; = &quot;Italian&quot;, &quot;instructions&quot; = &quot;Bake the pizza until the cheese melts.&quot;, &quot;cookingTime&quot; = &quot;15&quot;, &quot;nutrition&quot; = &quot;800&quot;, &quot;id&quot; = &quot;1&quot;}&#10;);&#10;-&gt; at RecipeControllerButtonTest.testAddRecipeSuccess(RecipeControllerTest.java:76)&#10;recipeView.showSuccessDialog(&#10;    &quot;Recipe added successfully.&quot;&#10;);&#10;-&gt; at RecipeControllerButtonTest.testAddRecipeSuccess(RecipeControllerTest.java:79)&#10;recipeView.showErrorDialog(&#10;    &quot;Error updating recipe.&quot;&#10;);&#10;-&gt; at RecipeControllerButtonTest.testFilterRecipeFail(RecipeControllerTest.java:219)&#10;recipeView.setFormData(&#10;    {&quot;name&quot; = &quot;&quot;, &quot;category&quot; = &quot;&quot;, &quot;ingredient&quot; = &quot;&quot;, &quot;cuisine&quot; = &quot;&quot;, &quot;instructions&quot; = &quot;&quot;, &quot;cookingTime&quot; = &quot;&quot;, &quot;nutrition&quot; = &quot;&quot;, &quot;id&quot; = &quot;4&quot;}&#10;);&#10;-&gt; at RecipeControllerButtonTest.testAddRecipeFailMissingName(RecipeControllerTest.java:95)&#10;recipeView.showErrorDialog(&#10;    &quot;Error: Invalid ID or Name&quot;&#10;);&#10;-&gt; at RecipeControllerButtonTest.testAddRecipeFailMissingName(RecipeControllerTest.java:98)&#10;recipeView.setFormData(&#10;    {&quot;name&quot; = &quot;Spaghetti&quot;, &quot;category&quot; = &quot;&quot;, &quot;ingredient&quot; = &quot;&quot;, &quot;cuisine&quot; = &quot;&quot;, &quot;instructions&quot; = &quot;&quot;, &quot;cookingTime&quot; = &quot;&quot;, &quot;nutrition&quot; = &quot;&quot;, &quot;id&quot; = &quot;&quot;}&#10;);&#10;-&gt; at RecipeControllerButtonTest.testAddRecipeFailMissingID(RecipeControllerTest.java:112)&#10;recipeView.showErrorDialog(&#10;    &quot;Error: Invalid ID or Name&quot;&#10;);&#10;-&gt; at RecipeControllerButtonTest.testAddRecipeFailMissingID(RecipeControllerTest.java:115)&#10;recipeView.showErrorDialog(&#10;    &quot;Error deleting recipe.&quot;&#10;);&#10;-&gt; at RecipeControllerButtonTest.testDeleteRecipeFail(RecipeControllerTest.java:163)&#10;recipeView.setFormData(&#10;    {&quot;name&quot; = &quot;Margherita Pizza&quot;, &quot;category&quot; = &quot;Main Course&quot;, &quot;ingredient&quot; = &quot;Dough, Tomato Sauce, Mozzarella Cheese, Basil&quot;, &quot;cuisine&quot; = &quot;Italian&quot;, &quot;instructions&quot; = &quot;Bake the pizza until the cheese melts.&quot;, &quot;cookingTime&quot; = &quot;15&quot;, &quot;nutrition&quot; = &quot;800&quot;, &quot;id&quot; = &quot;1&quot;}&#10;);&#10;-&gt; at RecipeControllerButtonTest.testDeleteRecipeSuccess(RecipeControllerTest.java:146)&#10;recipeView.showSuccessDialog(&#10;    &quot;Recipe deleted successfully.&quot;&#10;);&#10;-&gt; at RecipeControllerButtonTest.testDeleteRecipeSuccess(RecipeControllerTest.java:149)&#10;recipeView.setFormData(&#10;    {&quot;name&quot; = &quot;&quot;, &quot;category&quot; = &quot;&quot;, &quot;ingredient&quot; = &quot;&quot;, &quot;cuisine&quot; = &quot;&quot;, &quot;instructions&quot; = &quot;&quot;, &quot;cookingTime&quot; = &quot;&quot;, &quot;nutrition&quot; = &quot;&quot;, &quot;id&quot; = &quot;-6&quot;}&#10;);&#10;-&gt; at RecipeControllerButtonTest.testAddRecipeNegativeID(RecipeControllerTest.java:129)&#10;recipeView.showErrorDialog(&#10;    &quot;&quot;&#10;);&#10;-&gt; at RecipeControllerButtonTest.testAddRecipeNegativeID(RecipeControllerTest.java:132)&#10;recipeView.showErrorDialog(&#10;    &quot;Error updating recipe.&quot;&#10;);&#10;-&gt; at RecipeControllerButtonTest.testUpdateRecipeFail(RecipeControllerTest.java:191)&#10;recipeView.showSuccessDialog(&#10;    &quot;Recipe updated successfully.&quot;&#10;);&#10;-&gt; at RecipeControllerButtonTest.testUpdateRecipeSuccess(RecipeControllerTest.java:177)&#10;" type="Argument(s) are different! Wanted"><![CDATA[Argument(s) are different! Wanted:
recipeView.showSuccessDialog(
    "Error deleting recipe."
);
-> at Recipe.RecipeView.showSuccessDialog(RecipeView.java:211)
Actual invocations have different arguments:
recipeView.setFormData(
    {"name" = "Margherita Pizza", "category" = "Main Course", "ingredient" = "Dough, Tomato Sauce, Mozzarella Cheese, Basil", "cuisine" = "Italian", "instructions" = "Bake the pizza until the cheese melts.", "cookingTime" = "15", "nutrition" = "800", "id" = "1"}
);
-> at RecipeControllerButtonTest.testAddRecipeSuccess(RecipeControllerTest.java:76)
recipeView.showSuccessDialog(
    "Recipe added successfully."
);
-> at RecipeControllerButtonTest.testAddRecipeSuccess(RecipeControllerTest.java:79)
recipeView.showErrorDialog(
    "Error updating recipe."
);
-> at RecipeControllerButtonTest.testFilterRecipeFail(RecipeControllerTest.java:219)
recipeView.setFormData(
    {"name" = "", "category" = "", "ingredient" = "", "cuisine" = "", "instructions" = "", "cookingTime" = "", "nutrition" = "", "id" = "4"}
);
-> at RecipeControllerButtonTest.testAddRecipeFailMissingName(RecipeControllerTest.java:95)
recipeView.showErrorDialog(
    "Error: Invalid ID or Name"
);
-> at RecipeControllerButtonTest.testAddRecipeFailMissingName(RecipeControllerTest.java:98)
recipeView.setFormData(
    {"name" = "Spaghetti", "category" = "", "ingredient" = "", "cuisine" = "", "instructions" = "", "cookingTime" = "", "nutrition" = "", "id" = ""}
);
-> at RecipeControllerButtonTest.testAddRecipeFailMissingID(RecipeControllerTest.java:112)
recipeView.showErrorDialog(
    "Error: Invalid ID or Name"
);
-> at RecipeControllerButtonTest.testAddRecipeFailMissingID(RecipeControllerTest.java:115)
recipeView.showErrorDialog(
    "Error deleting recipe."
);
-> at RecipeControllerButtonTest.testDeleteRecipeFail(RecipeControllerTest.java:163)
recipeView.setFormData(
    {"name" = "Margherita Pizza", "category" = "Main Course", "ingredient" = "Dough, Tomato Sauce, Mozzarella Cheese, Basil", "cuisine" = "Italian", "instructions" = "Bake the pizza until the cheese melts.", "cookingTime" = "15", "nutrition" = "800", "id" = "1"}
);
-> at RecipeControllerButtonTest.testDeleteRecipeSuccess(RecipeControllerTest.java:146)
recipeView.showSuccessDialog(
    "Recipe deleted successfully."
);
-> at RecipeControllerButtonTest.testDeleteRecipeSuccess(RecipeControllerTest.java:149)
recipeView.setFormData(
    {"name" = "", "category" = "", "ingredient" = "", "cuisine" = "", "instructions" = "", "cookingTime" = "", "nutrition" = "", "id" = "-6"}
);
-> at RecipeControllerButtonTest.testAddRecipeNegativeID(RecipeControllerTest.java:129)
recipeView.showErrorDialog(
    ""
);
-> at RecipeControllerButtonTest.testAddRecipeNegativeID(RecipeControllerTest.java:132)
recipeView.showErrorDialog(
    "Error updating recipe."
);
-> at RecipeControllerButtonTest.testUpdateRecipeFail(RecipeControllerTest.java:191)
recipeView.showSuccessDialog(
    "Recipe updated successfully."
);
-> at RecipeControllerButtonTest.testUpdateRecipeSuccess(RecipeControllerTest.java:177)

	at Recipe.RecipeView.showSuccessDialog(RecipeView.java:211)
	at RecipeControllerButtonTest.testUpdateRecipeSuccess(RecipeControllerTest.java:181)
	at java.base/java.lang.reflect.Method.invoke(Method.java:580)
	at java.base/java.util.ArrayList.forEach(ArrayList.java:1597)
	at java.base/java.util.ArrayList.forEach(ArrayList.java:1597)
]]></failure>
  </testcase>
  <testcase name="testFilterRecipeSuccess" classname="RecipeControllerButtonTest" time="0.004">
    <failure message="&#10;recipeModel.updateRecipe(&#10;    {&quot;name&quot; = &quot;&quot;, &quot;category&quot; = &quot;Main Course&quot;, &quot;ingredient&quot; = &quot;&quot;, &quot;cuisine&quot; = &quot;&quot;, &quot;instructions&quot; = &quot;&quot;, &quot;cookingTime&quot; = &quot;&quot;, &quot;nutrition&quot; = &quot;&quot;, &quot;id&quot; = &quot;&quot;}&#10;);&#10;Wanted 1 time:&#10;-&gt; at Recipe.RecipeModel.updateRecipe(RecipeModel.java:99)&#10;But was 3 times:&#10;-&gt; at RecipeControllerButtonTest.testFilterRecipeFail(RecipeControllerTest.java:218)&#10;-&gt; at RecipeControllerButtonTest.testUpdateRecipeFail(RecipeControllerTest.java:190)&#10;-&gt; at RecipeControllerButtonTest.testFilterRecipeSuccess(RecipeControllerTest.java:204)&#10;&#10;" type="org.mockito.exceptions.verification.TooManyActualInvocations"><![CDATA[org.mockito.exceptions.verification.TooManyActualInvocations: 

recipeModel.updateRecipe(
    {"name" = "", "category" = "Main Course", "ingredient" = "", "cuisine" = "", "instructions" = "", "cookingTime" = "", "nutrition" = "", "id" = ""}
);
Wanted 1 time:
-> at Recipe.RecipeModel.updateRecipe(RecipeModel.java:99)
But was 3 times:
-> at RecipeControllerButtonTest.testFilterRecipeFail(RecipeControllerTest.java:218)
-> at RecipeControllerButtonTest.testUpdateRecipeFail(RecipeControllerTest.java:190)
-> at RecipeControllerButtonTest.testFilterRecipeSuccess(RecipeControllerTest.java:204)


	at Recipe.RecipeModel.updateRecipe(RecipeModel.java:99)
	at RecipeControllerButtonTest.testFilterRecipeSuccess(RecipeControllerTest.java:208)
	at java.base/java.lang.reflect.Method.invoke(Method.java:580)
	at java.base/java.util.ArrayList.forEach(ArrayList.java:1597)
	at java.base/java.util.ArrayList.forEach(ArrayList.java:1597)
]]></failure>
  </testcase>
  <testcase name="" classname="RecipeControllerButtonTest" time="1.223">
    <error message="SQL [delete from &quot;Recipe&quot;]; The object is already closed [90007-232]" type="org.jooq.exception.DataAccessException"><![CDATA[org.jooq.exception.DataAccessException: SQL [delete from "Recipe"]; The object is already closed [90007-232]
	at org.jooq_3.19.17.H2.debug(Unknown Source)
	at org.jooq.impl.Tools.translate(Tools.java:3621)
	at org.jooq.impl.Tools.translate(Tools.java:3609)
	at org.jooq.impl.DefaultExecuteContext.sqlException(DefaultExecuteContext.java:827)
	at org.jooq.impl.AbstractQuery.execute(AbstractQuery.java:362)
	at org.jooq.impl.AbstractDelegatingQuery.execute(AbstractDelegatingQuery.java:115)
	at RecipeControllerButtonTest.cleanDatabase(RecipeControllerTest.java:258)
	at java.base/java.lang.reflect.Method.invoke(Method.java:580)
	at java.base/java.util.ArrayList.forEach(ArrayList.java:1597)
	at java.base/java.util.Collections$UnmodifiableCollection.forEach(Collections.java:1117)
	at java.base/java.util.ArrayList.forEach(ArrayList.java:1597)
Caused by: org.h2.jdbc.JdbcSQLNonTransientException: The object is already closed [90007-232]
	at org.h2.message.DbException.getJdbcSQLException(DbException.java:566)
	at org.h2.message.DbException.getJdbcSQLException(DbException.java:489)
	at org.h2.message.DbException.get(DbException.java:223)
	at org.h2.message.DbException.get(DbException.java:199)
	at org.h2.message.DbException.get(DbException.java:188)
	at org.h2.jdbc.JdbcConnection.checkClosed(JdbcConnection.java:1420)
	at org.h2.jdbc.JdbcConnection.prepareStatement(JdbcConnection.java:313)
	at org.jooq.impl.ProviderEnabledConnection.prepareStatement(ProviderEnabledConnection.java:109)
	at org.jooq.impl.SettingsEnabledConnection.prepareStatement(SettingsEnabledConnection.java:91)
	at org.jooq.impl.AbstractQuery.prepare(AbstractQuery.java:431)
	at org.jooq.impl.AbstractDMLQuery.prepare0(AbstractDMLQuery.java:994)
	at org.jooq.impl.AbstractDMLQuery.prepare(AbstractDMLQuery.java:985)
	at org.jooq.impl.AbstractQuery.execute(AbstractQuery.java:315)
	... 6 more
]]></error>
  </testcase>
</testsuite>